<?xml version="1.0" encoding="UTF-8"?>
<testsuite xmlns:xsi="http://www.w3.org/2001/XMLSchema-instance" xsi:schemaLocation="https://maven.apache.org/surefire/maven-surefire-plugin/xsd/surefire-test-report.xsd" name="edu.cmu.ea.test.sparcs.RunCukeTest" time="18.424" tests="2" errors="0" skipped="0" failures="0">
  <properties>
[...]
</properties>
  <testcase name="go to award page" classname="SearchForAward" time="8.408"/>
  <testcase name="Go to through the whole award" classname="SearchForAward" time="9.732"/>
</testsuite>